2019-02-18	127.0.0.1	GET	/	null
2019-02-18	127.0.0.1	GET	/	null
2019-02-18	0:0:0:0:0:0:0:1	GET	/	null
2019-02-18	0:0:0:0:0:0:0:1	GET	/InfoBar	null
2019-02-18	0:0:0:0:0:0:0:1	GET	/showarticle?articleId=33		null
2019-02-18	0:0:0:0:0:0:0:1	GET	/hotuser	null
2019-02-18	0:0:0:0:0:0:0:1	GET	/InfoBar	null
2019-02-18	0:0:0:0:0:0:0:1	GET	/hotuser	null
2019-02-18	0:0:0:0:0:0:0:1	GET	/InfoBar	null
2019-02-18	0:0:0:0:0:0:0:1	GET	/moodshare	null
2019-02-18	0:0:0:0:0:0:0:1	GET	/InfoBar	null
2019-02-18	0:0:0:0:0:0:0:1	GET	/writing	null
2019-02-18	0:0:0:0:0:0:0:1	POST	/checkUsername	null
2019-02-18	0:0:0:0:0:0:0:1	POST	/checkUsername	null
2019-02-18	0:0:0:0:0:0:0:1	POST	/checkverificationCode	null
2019-02-18	0:0:0:0:0:0:0:1	POST	/checkverificationCode	null
2019-02-18	0:0:0:0:0:0:0:1	POST	/checkverificationCode	null
2019-02-18	0:0:0:0:0:0:0:1	POST	/checkverificationCode	null
2019-02-18	0:0:0:0:0:0:0:1	POST	/userLogin	null
2019-02-18	0:0:0:0:0:0:0:1	GET	/index	userID:1
2019-02-18	0:0:0:0:0:0:0:1	GET	/InfoBar	userID:1
2019-02-18	0:0:0:0:0:0:0:1	GET	/showarticle?articleId=41		userID:1
2019-02-18	0:0:0:0:0:0:0:1	GET	/index	userID:1
2019-02-18	0:0:0:0:0:0:0:1	GET	/InfoBar	userID:1
2019-02-18	0:0:0:0:0:0:0:1	GET	/personcenter?userId=1		userID:1
2019-02-18	0:0:0:0:0:0:0:1	GET	/personcenter	userID:1
2019-02-18	0:0:0:0:0:0:0:1	GET	/ProfileBar	userID:1
2019-02-18	0:0:0:0:0:0:0:1	GET	/editArticle?articleId=33		userID:1
2019-02-18	0:0:0:0:0:0:0:1	GET	/ueditor/ued/config?action=config&&noCache=1550495862706		userID:1
2019-02-18	0:0:0:0:0:0:0:1	GET	/ueditor/third-party/zeroclipboard/ZeroClipboard.swf?noCache=1550495862904		userID:1
2019-02-18	0:0:0:0:0:0:0:1	POST	/deleteArticle	userID:1
2019-02-18	0:0:0:0:0:0:0:1	GET	/personcenter	userID:1
2019-02-18	0:0:0:0:0:0:0:1	GET	/ProfileBar	userID:1
2019-02-18	0:0:0:0:0:0:0:1	GET	/personcenter?page=2&rows=5		userID:1
2019-02-18	0:0:0:0:0:0:0:1	GET	/ProfileBar	userID:1
2019-02-18	0:0:0:0:0:0:0:1	GET	/personcenter?page=3&rows=5		userID:1
2019-02-18	0:0:0:0:0:0:0:1	GET	/ProfileBar	userID:1
2019-02-18	0:0:0:0:0:0:0:1	GET	/personcenter?page=5&rows=5		userID:1
2019-02-18	0:0:0:0:0:0:0:1	GET	/ProfileBar	userID:1
2019-02-18	0:0:0:0:0:0:0:1	GET	/index	userID:1
2019-02-18	0:0:0:0:0:0:0:1	GET	/InfoBar	userID:1
2019-02-18	0:0:0:0:0:0:0:1	GET	/index?topic=1		userID:1
2019-02-18	0:0:0:0:0:0:0:1	GET	/InfoBar	userID:1
2019-02-18	0:0:0:0:0:0:0:1	GET	/index?topic=2		userID:1
2019-02-18	0:0:0:0:0:0:0:1	GET	/InfoBar	userID:1
2019-02-18	0:0:0:0:0:0:0:1	GET	/index?topic=3		userID:1
2019-02-18	0:0:0:0:0:0:0:1	GET	/InfoBar	userID:1
2019-02-18	0:0:0:0:0:0:0:1	GET	/index?topic=5		userID:1
2019-02-18	0:0:0:0:0:0:0:1	GET	/InfoBar	userID:1
2019-02-18	0:0:0:0:0:0:0:1	GET	/index?topic=5		userID:1
2019-02-18	0:0:0:0:0:0:0:1	GET	/index?topic=6		userID:1
2019-02-18	0:0:0:0:0:0:0:1	GET	/InfoBar	userID:1
2019-02-18	0:0:0:0:0:0:0:1	GET	/writing	userID:1
2019-02-18	0:0:0:0:0:0:0:1	GET	/ueditor/ued/config?action=config&&noCache=1550495914213		userID:1
2019-02-18	0:0:0:0:0:0:0:1	GET	/ueditor/third-party/zeroclipboard/ZeroClipboard.swf?noCache=1550495914342		userID:1
2019-02-18	0:0:0:0:0:0:0:1	GET	/writing	null
2019-02-18	0:0:0:0:0:0:0:1	POST	/checkUsername	null
2019-02-18	0:0:0:0:0:0:0:1	POST	/checkUsername	null
2019-02-18	0:0:0:0:0:0:0:1	POST	/checkUsername	null
2019-02-18	0:0:0:0:0:0:0:1	POST	/checkverificationCode	null
2019-02-18	0:0:0:0:0:0:0:1	POST	/checkverificationCode	null
2019-02-18	0:0:0:0:0:0:0:1	POST	/checkverificationCode	null
2019-02-18	0:0:0:0:0:0:0:1	POST	/checkverificationCode	null
2019-02-18	0:0:0:0:0:0:0:1	POST	/checkverificationCode	null
2019-02-18	0:0:0:0:0:0:0:1	POST	/checkverificationCode	null
2019-02-18	0:0:0:0:0:0:0:1	POST	/checkverificationCode	null
2019-02-18	0:0:0:0:0:0:0:1	POST	/checkverificationCode	null
2019-02-18	0:0:0:0:0:0:0:1	POST	/userLogin	null
2019-02-18	0:0:0:0:0:0:0:1	GET	/index	userID:1
2019-02-18	0:0:0:0:0:0:0:1	GET	/InfoBar	userID:1
2019-02-18	0:0:0:0:0:0:0:1	GET	/writing	userID:1
2019-02-18	0:0:0:0:0:0:0:1	GET	/ueditor/ued/config?action=config&&noCache=1550495965076		userID:1
2019-02-18	127.0.0.1	GET	/	null
2019-02-18	127.0.0.1	GET	/	null
2019-02-18	0:0:0:0:0:0:0:1	GET	/	null
2019-02-18	0:0:0:0:0:0:0:1	GET	/InfoBar	null
2019-02-18	0:0:0:0:0:0:0:1	GET	/ueditor/themes/default/images/icons-all.gif	null
2019-02-18	0:0:0:0:0:0:0:1	GET	/	null
2019-02-18	0:0:0:0:0:0:0:1	GET	/InfoBar	null
2019-02-18	0:0:0:0:0:0:0:1	GET	/writing	null
2019-02-18	0:0:0:0:0:0:0:1	POST	/checkUsername	null
2019-02-18	0:0:0:0:0:0:0:1	POST	/checkverificationCode	null
2019-02-18	0:0:0:0:0:0:0:1	POST	/checkverificationCode	null
2019-02-18	0:0:0:0:0:0:0:1	POST	/checkverificationCode	null
2019-02-18	0:0:0:0:0:0:0:1	POST	/checkUsername	null
2019-02-18	0:0:0:0:0:0:0:1	POST	/checkverificationCode	null
2019-02-18	0:0:0:0:0:0:0:1	POST	/checkverificationCode	null
2019-02-18	0:0:0:0:0:0:0:1	POST	/checkverificationCode	null
2019-02-18	0:0:0:0:0:0:0:1	POST	/checkverificationCode	null
2019-02-18	0:0:0:0:0:0:0:1	POST	/userLogin	null
2019-02-18	0:0:0:0:0:0:0:1	GET	/index	userID:1
2019-02-18	0:0:0:0:0:0:0:1	GET	/InfoBar	userID:1
2019-02-18	0:0:0:0:0:0:0:1	GET	/writing	userID:1
2019-02-18	0:0:0:0:0:0:0:1	GET	/ueditor/ued/config?action=config&&noCache=1550496205085		userID:1
2019-02-18	0:0:0:0:0:0:0:1	GET	/ueditor/third-party/zeroclipboard/ZeroClipboard.swf?noCache=1550496205679		userID:1
2019-02-18	127.0.0.1	GET	/	null
2019-02-18	127.0.0.1	GET	/	null
2019-02-18	0:0:0:0:0:0:0:1	GET	/	null
2019-02-18	0:0:0:0:0:0:0:1	GET	/InfoBar	null
2019-02-18	0:0:0:0:0:0:0:1	GET	/writing	null
2019-02-18	0:0:0:0:0:0:0:1	POST	/checkUsername	null
2019-02-18	0:0:0:0:0:0:0:1	POST	/checkUsername	null
2019-02-18	0:0:0:0:0:0:0:1	POST	/checkverificationCode	null
2019-02-18	0:0:0:0:0:0:0:1	POST	/checkverificationCode	null
2019-02-18	0:0:0:0:0:0:0:1	POST	/checkverificationCode	null
2019-02-18	0:0:0:0:0:0:0:1	POST	/checkverificationCode	null
2019-02-18	0:0:0:0:0:0:0:1	POST	/checkverificationCode	null
2019-02-18	0:0:0:0:0:0:0:1	POST	/checkverificationCode	null
2019-02-18	0:0:0:0:0:0:0:1	POST	/checkverificationCode	null
2019-02-18	0:0:0:0:0:0:0:1	POST	/checkverificationCode	null
2019-02-18	0:0:0:0:0:0:0:1	POST	/checkverificationCode	null
2019-02-18	0:0:0:0:0:0:0:1	POST	/checkverificationCode	null
2019-02-18	0:0:0:0:0:0:0:1	POST	/checkverificationCode	null
2019-02-18	0:0:0:0:0:0:0:1	POST	/checkverificationCode	null
2019-02-18	0:0:0:0:0:0:0:1	POST	/checkverificationCode	null
2019-02-18	0:0:0:0:0:0:0:1	POST	/checkverificationCode	null
2019-02-18	0:0:0:0:0:0:0:1	POST	/checkverificationCode	null
2019-02-18	0:0:0:0:0:0:0:1	POST	/checkverificationCode	null
2019-02-18	0:0:0:0:0:0:0:1	POST	/checkverificationCode	null
2019-02-18	0:0:0:0:0:0:0:1	POST	/userLogin	null
2019-02-18	0:0:0:0:0:0:0:1	GET	/index	userID:1
2019-02-18	0:0:0:0:0:0:0:1	GET	/InfoBar	userID:1
2019-02-18	0:0:0:0:0:0:0:1	GET	/writing	userID:1
2019-02-18	0:0:0:0:0:0:0:1	GET	/ueditor/ued/config?action=config&&noCache=1550496445483		userID:1
2019-02-18	0:0:0:0:0:0:0:1	GET	/ueditor/third-party/zeroclipboard/ZeroClipboard.swf?noCache=1550496445703		userID:1
2019-02-18	127.0.0.1	GET	/	null
2019-02-18	127.0.0.1	GET	/	null
2019-02-18	0:0:0:0:0:0:0:1	GET	/	null
2019-02-18	0:0:0:0:0:0:0:1	GET	/InfoBar	null
2019-02-18	0:0:0:0:0:0:0:1	GET	/writing	null
2019-02-18	0:0:0:0:0:0:0:1	POST	/checkUsername	null
2019-02-18	0:0:0:0:0:0:0:1	POST	/checkUsername	null
2019-02-18	0:0:0:0:0:0:0:1	POST	/checkverificationCode	null
2019-02-18	0:0:0:0:0:0:0:1	POST	/checkverificationCode	null
2019-02-18	0:0:0:0:0:0:0:1	POST	/checkverificationCode	null
2019-02-18	0:0:0:0:0:0:0:1	POST	/checkverificationCode	null
2019-02-18	0:0:0:0:0:0:0:1	POST	/checkverificationCode	null
2019-02-18	0:0:0:0:0:0:0:1	POST	/userLogin	null
2019-02-18	0:0:0:0:0:0:0:1	POST	/checkverificationCode	null
2019-02-18	0:0:0:0:0:0:0:1	GET	/index	userID:1
2019-02-18	0:0:0:0:0:0:0:1	GET	/InfoBar	userID:1
2019-02-18	0:0:0:0:0:0:0:1	GET	/writing	userID:1
2019-02-18	0:0:0:0:0:0:0:1	GET	/ueditor/ued/config?action=config&&noCache=1550496594580		userID:1
2019-02-18	0:0:0:0:0:0:0:1	GET	/ueditor/third-party/zeroclipboard/ZeroClipboard.swf?noCache=1550496594767		userID:1
2019-02-18	127.0.0.1	GET	/	null
2019-02-18	127.0.0.1	GET	/	null
2019-02-18	0:0:0:0:0:0:0:1	GET	/	null
2019-02-18	0:0:0:0:0:0:0:1	GET	/InfoBar	null
2019-02-18	0:0:0:0:0:0:0:1	GET	/writing	null
2019-02-18	0:0:0:0:0:0:0:1	POST	/checkUsername	null
2019-02-18	0:0:0:0:0:0:0:1	POST	/checkUsername	null
2019-02-18	0:0:0:0:0:0:0:1	POST	/checkverificationCode	null
2019-02-18	0:0:0:0:0:0:0:1	POST	/checkverificationCode	null
2019-02-18	0:0:0:0:0:0:0:1	POST	/checkverificationCode	null
2019-02-18	0:0:0:0:0:0:0:1	POST	/checkverificationCode	null
2019-02-18	0:0:0:0:0:0:0:1	POST	/userLogin	null
2019-02-18	0:0:0:0:0:0:0:1	GET	/index	userID:1
2019-02-18	0:0:0:0:0:0:0:1	GET	/InfoBar	userID:1
2019-02-18	0:0:0:0:0:0:0:1	GET	/writing	userID:1
2019-02-18	0:0:0:0:0:0:0:1	GET	/ueditor/ued/config?action=config&&noCache=1550496675654		userID:1
2019-02-18	0:0:0:0:0:0:0:1	GET	/ueditor/third-party/zeroclipboard/ZeroClipboard.swf?noCache=1550496675770		userID:1
2019-02-18	127.0.0.1	GET	/	null
2019-02-18	127.0.0.1	GET	/	null
2019-02-18	0:0:0:0:0:0:0:1	GET	/writing	null
2019-02-18	0:0:0:0:0:0:0:1	POST	/checkUsername	null
2019-02-18	0:0:0:0:0:0:0:1	POST	/checkUsername	null
2019-02-18	0:0:0:0:0:0:0:1	POST	/checkverificationCode	null
2019-02-18	0:0:0:0:0:0:0:1	POST	/checkverificationCode	null
2019-02-18	0:0:0:0:0:0:0:1	POST	/checkverificationCode	null
2019-02-18	0:0:0:0:0:0:0:1	POST	/checkverificationCode	null
2019-02-18	0:0:0:0:0:0:0:1	POST	/userLogin	null
2019-02-18	0:0:0:0:0:0:0:1	GET	/index	userID:1
2019-02-18	0:0:0:0:0:0:0:1	GET	/InfoBar	userID:1
2019-02-18	0:0:0:0:0:0:0:1	GET	/writing	userID:1
2019-02-18	0:0:0:0:0:0:0:1	GET	/ueditor/ued/config?action=config&&noCache=1550496767653		userID:1
2019-02-18	0:0:0:0:0:0:0:1	GET	/ueditor/third-party/zeroclipboard/ZeroClipboard.swf?noCache=1550496767771		userID:1
2019-02-18	0:0:0:0:0:0:0:1	GET	/	userID:1
2019-02-18	0:0:0:0:0:0:0:1	GET	/InfoBar	userID:1
2019-02-18	127.0.0.1	GET	/	null
2019-02-18	127.0.0.1	GET	/	null
2019-02-18	0:0:0:0:0:0:0:1	GET	/	null
2019-02-18	0:0:0:0:0:0:0:1	GET	/InfoBar	null
2019-02-18	0:0:0:0:0:0:0:1	GET	/login	null
2019-02-18	0:0:0:0:0:0:0:1	POST	/checkUsername	null
2019-02-18	0:0:0:0:0:0:0:1	POST	/checkverificationCode	null
2019-02-18	0:0:0:0:0:0:0:1	POST	/checkUsername	null
2019-02-18	0:0:0:0:0:0:0:1	POST	/checkverificationCode	null
2019-02-18	0:0:0:0:0:0:0:1	POST	/checkverificationCode	null
2019-02-18	0:0:0:0:0:0:0:1	POST	/checkverificationCode	null
2019-02-18	0:0:0:0:0:0:0:1	POST	/userLogin	null
2019-02-18	0:0:0:0:0:0:0:1	GET	/index	userID:1
2019-02-18	0:0:0:0:0:0:0:1	GET	/InfoBar	userID:1
2019-02-18	0:0:0:0:0:0:0:1	GET	/writing	userID:1
2019-02-18	0:0:0:0:0:0:0:1	GET	/ueditor/ued/config?action=config&&noCache=1550496874932		userID:1
2019-02-18	0:0:0:0:0:0:0:1	GET	/ueditor/third-party/zeroclipboard/ZeroClipboard.swf?noCache=1550496875122		userID:1
2019-02-18	127.0.0.1	GET	/	null
2019-02-18	127.0.0.1	GET	/	null
2019-02-18	0:0:0:0:0:0:0:1	GET	/	null
2019-02-18	0:0:0:0:0:0:0:1	GET	/InfoBar	null
2019-02-18	0:0:0:0:0:0:0:1	GET	/writing	null
2019-02-18	0:0:0:0:0:0:0:1	POST	/checkUsername	null
2019-02-18	0:0:0:0:0:0:0:1	GET	/register	null
2019-02-18	0:0:0:0:0:0:0:1	GET	/login	null
2019-02-18	0:0:0:0:0:0:0:1	POST	/checkUsername	null
2019-02-18	127.0.0.1	GET	/	null
2019-02-18	127.0.0.1	GET	/	null
2019-02-18	0:0:0:0:0:0:0:1	GET	/	null
2019-02-18	0:0:0:0:0:0:0:1	GET	/InfoBar	null
2019-02-18	0:0:0:0:0:0:0:1	GET	/login	null
2019-02-18	0:0:0:0:0:0:0:1	POST	/checkUsername	null
2019-02-18	0:0:0:0:0:0:0:1	GET	/register	null
2019-02-18	0:0:0:0:0:0:0:1	GET	/login	null
2019-02-18	127.0.0.1	GET	/	null
2019-02-18	0:0:0:0:0:0:0:1	GET	/login	null
2019-02-18	127.0.0.1	GET	/	null
2019-02-18	0:0:0:0:0:0:0:1	GET	/	null
2019-02-18	0:0:0:0:0:0:0:1	GET	/InfoBar	null
2019-02-18	0:0:0:0:0:0:0:1	POST	/checkUsername	null
2019-02-18	0:0:0:0:0:0:0:1	POST	/checkverificationCode	null
2019-02-18	0:0:0:0:0:0:0:1	POST	/checkverificationCode	null
2019-02-18	127.0.0.1	GET	/	null
2019-02-18	127.0.0.1	GET	/	null
2019-02-18	0:0:0:0:0:0:0:1	GET	/	null
2019-02-18	0:0:0:0:0:0:0:1	GET	/InfoBar	null
2019-02-18	0:0:0:0:0:0:0:1	GET	/login	null
2019-02-18	0:0:0:0:0:0:0:1	POST	/checkUsername	null
2019-02-18	0:0:0:0:0:0:0:1	POST	/checkverificationCode	null
2019-02-18	0:0:0:0:0:0:0:1	GET	/register	null
2019-02-18	0:0:0:0:0:0:0:1	POST	/checkUsername	null
2019-02-18	0:0:0:0:0:0:0:1	GET	/login	null
2019-02-18	0:0:0:0:0:0:0:1	POST	/checkUsername	null
2019-02-18	127.0.0.1	GET	/	null
2019-02-18	127.0.0.1	GET	/	null
2019-02-18	0:0:0:0:0:0:0:1	GET	/	null
2019-02-18	0:0:0:0:0:0:0:1	GET	/InfoBar	null
2019-02-18	0:0:0:0:0:0:0:1	GET	/login	null
2019-02-18	0:0:0:0:0:0:0:1	POST	/checkUsername	null
2019-02-18	0:0:0:0:0:0:0:1	GET	/login	null
2019-02-18	0:0:0:0:0:0:0:1	POST	/checkUsername	null
2019-02-18	0:0:0:0:0:0:0:1	POST	/checkverificationCode	null
2019-02-18	0:0:0:0:0:0:0:1	POST	/checkverificationCode	null
2019-02-18	0:0:0:0:0:0:0:1	POST	/checkverificationCode	null
2019-02-18	127.0.0.1	GET	/	null
2019-02-18	127.0.0.1	GET	/	null
2019-02-18	0:0:0:0:0:0:0:1	GET	/	null
2019-02-18	0:0:0:0:0:0:0:1	GET	/InfoBar	null
2019-02-18	0:0:0:0:0:0:0:1	GET	/login	null
2019-02-18	0:0:0:0:0:0:0:1	POST	/checkUsername	null
2019-02-18	0:0:0:0:0:0:0:1	POST	/checkverificationCode	null
2019-02-18	0:0:0:0:0:0:0:1	POST	/checkverificationCode	null
2019-02-18	0:0:0:0:0:0:0:1	POST	/checkverificationCode	null
2019-02-18	0:0:0:0:0:0:0:1	POST	/checkverificationCode	null
2019-02-18	0:0:0:0:0:0:0:1	POST	/checkverificationCode	null
2019-02-18	0:0:0:0:0:0:0:1	POST	/checkverificationCode	null
2019-02-18	0:0:0:0:0:0:0:1	GET	/index	null
2019-02-18	0:0:0:0:0:0:0:1	GET	/InfoBar	null
2019-02-18	0:0:0:0:0:0:0:1	GET	/personcenter?userId=1		null
2019-02-18	127.0.0.1	GET	/	null
2019-02-18	0:0:0:0:0:0:0:1	GET	/personcenter?userId=1		null
2019-02-18	127.0.0.1	GET	/	null
2019-02-18	0:0:0:0:0:0:0:1	GET	/personcenter?userId=1		null
2019-02-18	0:0:0:0:0:0:0:1	GET	/login	null
2019-02-18	0:0:0:0:0:0:0:1	POST	/checkUsername	null
2019-02-18	0:0:0:0:0:0:0:1	GET	/index	null
2019-02-18	127.0.0.1	GET	/	null
2019-02-18	0:0:0:0:0:0:0:1	GET	/index	null
2019-02-18	127.0.0.1	GET	/	null
2019-02-18	0:0:0:0:0:0:0:1	GET	/InfoBar	null
2019-02-18	0:0:0:0:0:0:0:1	GET	/	null
2019-02-18	0:0:0:0:0:0:0:1	GET	/InfoBar	null
2019-02-18	0:0:0:0:0:0:0:1	GET	/personcenter?userId=1		null
2019-02-18	127.0.0.1	GET	/	null
2019-02-18	0:0:0:0:0:0:0:1	GET	/index	null
2019-02-18	127.0.0.1	GET	/	null
2019-02-18	0:0:0:0:0:0:0:1	GET	/InfoBar	null
2019-02-18	0:0:0:0:0:0:0:1	GET	/	null
2019-02-18	0:0:0:0:0:0:0:1	GET	/InfoBar	null
2019-02-18	0:0:0:0:0:0:0:1	GET	/personcenter?userId=1		null
2019-02-18	0:0:0:0:0:0:0:1	GET	/login	null
2019-02-18	0:0:0:0:0:0:0:1	POST	/checkUsername	null
2019-02-18	0:0:0:0:0:0:0:1	POST	/checkUsername	null
2019-02-18	0:0:0:0:0:0:0:1	POST	/checkverificationCode	null
2019-02-18	0:0:0:0:0:0:0:1	POST	/checkverificationCode	null
2019-02-18	0:0:0:0:0:0:0:1	POST	/checkverificationCode	null
2019-02-18	0:0:0:0:0:0:0:1	POST	/checkverificationCode	null
2019-02-18	0:0:0:0:0:0:0:1	POST	/userLogin	null
2019-02-18	0:0:0:0:0:0:0:1	GET	/index	userID:1
2019-02-18	0:0:0:0:0:0:0:1	GET	/InfoBar	userID:1
2019-02-18	0:0:0:0:0:0:0:1	GET	/personcenter?userId=1		userID:1
2019-02-18	0:0:0:0:0:0:0:1	GET	/personcenter?userId=14		userID:1
2019-02-18	0:0:0:0:0:0:0:1	GET	/hotuser	userID:1
2019-02-18	0:0:0:0:0:0:0:1	GET	/InfoBar	userID:1
2019-02-18	0:0:0:0:0:0:0:1	GET	/personcenter?userId=1		userID:1
2019-02-18	0:0:0:0:0:0:0:1	GET	/personcenter?userId=14		userID:1
2019-02-18	0:0:0:0:0:0:0:1	GET	/personcenter?userId=1		userID:1
2019-02-18	0:0:0:0:0:0:0:1	GET	/showarticle?articleId=42		userID:1
2019-02-18	0:0:0:0:0:0:0:1	GET	/hotuser	userID:1
2019-02-18	0:0:0:0:0:0:0:1	GET	/InfoBar	userID:1
2019-02-18	0:0:0:0:0:0:0:1	GET	/personcenter?userId=1		userID:1
2019-02-18	0:0:0:0:0:0:0:1	GET	/personcenter?userId=1		userID:1
2019-02-18	0:0:0:0:0:0:0:1	GET	/personcenter?userId=1		userID:1
2019-02-18	0:0:0:0:0:0:0:1	GET	/personcenter?userId=1		userID:1
2019-02-18	0:0:0:0:0:0:0:1	GET	/personcenter?userId=1		userID:1
2019-02-18	0:0:0:0:0:0:0:1	GET	/personcenter?userId=1		userID:1
2019-02-18	0:0:0:0:0:0:0:1	GET	/personcenter	userID:1
2019-02-18	0:0:0:0:0:0:0:1	GET	/ProfileBar	userID:1
2019-02-18	0:0:0:0:0:0:0:1	GET	/index	userID:1
2019-02-18	0:0:0:0:0:0:0:1	GET	/InfoBar	userID:1
2019-02-18	0:0:0:0:0:0:0:1	GET	/hotuser	userID:1
2019-02-18	0:0:0:0:0:0:0:1	GET	/InfoBar	userID:1
2019-02-18	0:0:0:0:0:0:0:1	GET	/personcenter?userId=14		userID:1
2019-02-18	127.0.0.1	GET	/	null
2019-02-18	127.0.0.1	GET	/	null
2019-02-18	0:0:0:0:0:0:0:1	GET	/	null
2019-02-18	0:0:0:0:0:0:0:1	GET	/InfoBar	null
2019-02-18	0:0:0:0:0:0:0:1	GET	/personcenter?userId=1		null
2019-02-18	0:0:0:0:0:0:0:1	GET	/personcenter?userId=1		null
2019-02-18	0:0:0:0:0:0:0:1	GET	/personcenter?userId=1		null
2019-02-18	0:0:0:0:0:0:0:1	GET	/personcenter?userId=1		null
2019-02-18	0:0:0:0:0:0:0:1	GET	/personcenter?userId=1		null
2019-02-18	0:0:0:0:0:0:0:1	GET	/personcenter?userId=1		null
2019-02-18	0:0:0:0:0:0:0:1	GET	/personcenter?userId=1&page=2&rows=5		null
2019-02-18	0:0:0:0:0:0:0:1	GET	/personcenter?userId=1&page=3&rows=5		null
2019-02-18	0:0:0:0:0:0:0:1	GET	/personcenter?userId=1&page=4&rows=5		null
2019-02-18	0:0:0:0:0:0:0:1	GET	/personcenter?userId=1&page=5&rows=5		null
2019-02-18	0:0:0:0:0:0:0:1	GET	/hotuser	null
2019-02-18	0:0:0:0:0:0:0:1	GET	/hotuser	null
2019-02-18	0:0:0:0:0:0:0:1	GET	/InfoBar	null
2019-02-18	0:0:0:0:0:0:0:1	GET	/personcenter?userId=14		null
2019-02-18	0:0:0:0:0:0:0:1	GET	/showarticle?articleId=100		null
2019-02-18	0:0:0:0:0:0:0:1	GET	/personcenter?userId=14&page=1&rows=5		null
2019-02-18	0:0:0:0:0:0:0:1	GET	/index	null
2019-02-18	0:0:0:0:0:0:0:1	GET	/index	null
2019-02-18	0:0:0:0:0:0:0:1	GET	/InfoBar	null
2019-02-18	0:0:0:0:0:0:0:1	GET	/personcenter?userId=1		null
2019-02-18	0:0:0:0:0:0:0:1	GET	/personcenter?userId=1		null
2019-02-18	0:0:0:0:0:0:0:1	GET	/login	null
2019-02-18	0:0:0:0:0:0:0:1	POST	/checkUsername	null
2019-02-18	0:0:0:0:0:0:0:1	GET	/index	null
2019-02-18	0:0:0:0:0:0:0:1	GET	/InfoBar	null
2019-02-18	0:0:0:0:0:0:0:1	GET	/personcenter?userId=1		null
2019-02-18	127.0.0.1	GET	/	null
2019-02-18	127.0.0.1	GET	/	null
2019-02-18	0:0:0:0:0:0:0:1	GET	/	null
2019-02-18	0:0:0:0:0:0:0:1	GET	/InfoBar	null
2019-02-18	0:0:0:0:0:0:0:1	GET	/personcenter?userId=1		null
2019-02-18	0:0:0:0:0:0:0:1	GET	/personcenter?userId=1&page=2&rows=5		null
2019-02-18	0:0:0:0:0:0:0:1	GET	/personcenter?userId=1&page=3&rows=5		null
2019-02-18	0:0:0:0:0:0:0:1	POST	/attention	null
2019-02-18	0:0:0:0:0:0:0:1	GET	/login	null
2019-02-18	0:0:0:0:0:0:0:1	POST	/checkUsername	null
2019-02-18	0:0:0:0:0:0:0:1	POST	/checkUsername	null
2019-02-18	0:0:0:0:0:0:0:1	POST	/checkverificationCode	null
2019-02-18	0:0:0:0:0:0:0:1	POST	/checkverificationCode	null
2019-02-18	0:0:0:0:0:0:0:1	POST	/checkverificationCode	null
2019-02-18	0:0:0:0:0:0:0:1	POST	/checkverificationCode	null
2019-02-18	0:0:0:0:0:0:0:1	POST	/checkverificationCode	null
2019-02-18	0:0:0:0:0:0:0:1	POST	/checkverificationCode	null
2019-02-18	0:0:0:0:0:0:0:1	POST	/userLogin	null
2019-02-18	0:0:0:0:0:0:0:1	GET	/index	userID:1
2019-02-18	0:0:0:0:0:0:0:1	GET	/InfoBar	userID:1
2019-02-18	0:0:0:0:0:0:0:1	GET	/personcenter?userId=1		userID:1
2019-02-18	0:0:0:0:0:0:0:1	POST	/deleteAttention	userID:1
2019-02-18	0:0:0:0:0:0:0:1	GET	/personcenter?userId=1		userID:1
2019-02-18	0:0:0:0:0:0:0:1	POST	/attention	userID:1
2019-02-18	0:0:0:0:0:0:0:1	GET	/personcenter?userId=1		userID:1
2019-02-18	0:0:0:0:0:0:0:1	GET	/index	userID:1
2019-02-18	0:0:0:0:0:0:0:1	GET	/InfoBar	userID:1
2019-02-18	0:0:0:0:0:0:0:1	GET	/personcenter	userID:1
2019-02-18	0:0:0:0:0:0:0:1	GET	/ProfileBar	userID:1
2019-02-18	0:0:0:0:0:0:0:1	GET	/showarticle?articleId=44		userID:1
2019-02-21	127.0.0.1	GET	/	null
2019-02-21	127.0.0.1	GET	/	null
2019-02-21	0:0:0:0:0:0:0:1	GET	/	null
2019-02-21	0:0:0:0:0:0:0:1	GET	/InfoBar	null
2019-02-21	0:0:0:0:0:0:0:1	GET	/showarticle?articleId=42		null
2019-02-21	0:0:0:0:0:0:0:1	GET	/moodshare	null
2019-02-21	0:0:0:0:0:0:0:1	GET	/InfoBar	null
2019-02-21	0:0:0:0:0:0:0:1	GET	/moodshare?page=2&rows=5		null
2019-02-21	0:0:0:0:0:0:0:1	GET	/InfoBar	null
2019-02-21	0:0:0:0:0:0:0:1	GET	/moodshare?page=3&rows=5		null
2019-02-21	0:0:0:0:0:0:0:1	GET	/InfoBar	null
2019-02-21	0:0:0:0:0:0:0:1	GET	/moodshare?page=4&rows=5		null
2019-02-21	0:0:0:0:0:0:0:1	GET	/InfoBar	null
2019-02-21	0:0:0:0:0:0:0:1	GET	/index	null
2019-02-21	0:0:0:0:0:0:0:1	GET	/InfoBar	null
2019-02-21	0:0:0:0:0:0:0:1	GET	/personcenter?userId=1		null
2019-02-21	0:0:0:0:0:0:0:1	GET	/writing	null
2019-02-21	0:0:0:0:0:0:0:1	POST	/checkUsername	null
2019-02-21	0:0:0:0:0:0:0:1	POST	/checkverificationCode	null
2019-02-21	0:0:0:0:0:0:0:1	POST	/checkverificationCode	null
2019-02-21	0:0:0:0:0:0:0:1	POST	/checkverificationCode	null
2019-02-21	0:0:0:0:0:0:0:1	POST	/checkverificationCode	null
2019-02-21	0:0:0:0:0:0:0:1	POST	/checkverificationCode	null
2019-02-21	0:0:0:0:0:0:0:1	GET	/writing	null
2019-02-21	0:0:0:0:0:0:0:1	POST	/checkUsername	null
2019-02-21	0:0:0:0:0:0:0:1	GET	/moodshare	null
2019-02-21	0:0:0:0:0:0:0:1	GET	/InfoBar	null
2019-02-21	127.0.0.1	GET	/	null
2019-02-21	0:0:0:0:0:0:0:1	GET	/moodshare	null
2019-02-21	127.0.0.1	GET	/	null
2019-02-21	0:0:0:0:0:0:0:1	GET	/moodshare	null
2019-02-21	127.0.0.1	GET	/	null
2019-02-21	0:0:0:0:0:0:0:1	GET	/InfoBar	null
2019-02-21	0:0:0:0:0:0:0:1	GET	/	null
2019-02-21	0:0:0:0:0:0:0:1	GET	/InfoBar	null
2019-02-21	0:0:0:0:0:0:0:1	GET	/showarticle?articleId=44		null
2019-02-21	127.0.0.1	GET	/	null
2019-02-21	0:0:0:0:0:0:0:1	GET	/moodshare	null
2019-02-21	127.0.0.1	GET	/	null
2019-02-21	0:0:0:0:0:0:0:1	GET	/InfoBar	null
2019-02-21	0:0:0:0:0:0:0:1	GET	/	null
2019-02-21	0:0:0:0:0:0:0:1	GET	/InfoBar	null
2019-02-21	127.0.0.1	GET	/	null
2019-02-21	127.0.0.1	GET	/	null
2019-02-21	0:0:0:0:0:0:0:1	GET	/	null
2019-02-21	0:0:0:0:0:0:0:1	GET	/InfoBar	null
2019-02-21	0:0:0:0:0:0:0:1	GET	/showarticle?articleId=42		null
2019-02-21	127.0.0.1	GET	/	null
2019-02-21	127.0.0.1	GET	/	null
2019-02-21	0:0:0:0:0:0:0:1	GET	/	null
2019-02-21	0:0:0:0:0:0:0:1	GET	/InfoBar	null
2019-02-22	127.0.0.1	GET	/	null
2019-02-22	127.0.0.1	GET	/	null
2019-02-22	0:0:0:0:0:0:0:1	GET	/	null
2019-02-22	0:0:0:0:0:0:0:1	GET	/InfoBar	null
2019-02-22	0:0:0:0:0:0:0:1	GET	/showarticle?articleId=42		null
2019-02-28	127.0.0.1	GET	/	null
2019-02-28	127.0.0.1	GET	/	null
2019-02-28	0:0:0:0:0:0:0:1	GET	/	null
2019-02-28	0:0:0:0:0:0:0:1	GET	/InfoBar	null
